<?xml version="1.0" encoding="UTF-8"?>
<!-- Generated by org.testng.reporters.JUnitReportReporter -->
<testsuite hostname="LAPTOP-E581B0A3" failures="0" tests="4" name="RepeatSelenium222.RepeatSelenium222.RadioButton" time="9.716" errors="0" timestamp="2020-11-25T18:26:40 EST" skipped="0">
  <testcase classname="RepeatSelenium222.RepeatSelenium222.RadioButton" name="test1" time="6.615"/>
  <system-out/>
  <testcase classname="RepeatSelenium222.RepeatSelenium222.RadioButton" name="test2" time="3.049"/>
  <system-out/>
  <testcase classname="RepeatSelenium222.RepeatSelenium222.RadioButton" name="test3" time="0.028"/>
  <system-out/>
  <testcase classname="RepeatSelenium222.RepeatSelenium222.RadioButton" name="test4" time="0.024"/>
  <system-out/>
</testsuite> <!-- RepeatSelenium222.RepeatSelenium222.RadioButton -->
