<?xml version="1.0" encoding="UTF-8"?>
<!-- Generated by org.testng.reporters.JUnitReportReporter -->
<testsuite hostname="LAPTOP-E581B0A3" failures="0" tests="6" name="RepeatSelenium222.RepeatSelenium222.Edit" time="12.881" errors="0" timestamp="2020-11-24T23:26:18 EST" skipped="0">
  <testcase classname="RepeatSelenium222.RepeatSelenium222.Edit" name="test5" time="2.059"/>
  <system-out/>
  <testcase classname="RepeatSelenium222.RepeatSelenium222.Edit" name="test2" time="4.098"/>
  <system-out/>
  <testcase classname="RepeatSelenium222.RepeatSelenium222.Edit" name="test6" time="0.021"/>
  <system-out/>
  <testcase classname="RepeatSelenium222.RepeatSelenium222.Edit" name="test4" time="0.022"/>
  <system-out/>
  <testcase classname="RepeatSelenium222.RepeatSelenium222.Edit" name="test3" time="0.059"/>
  <system-out/>
  <testcase classname="RepeatSelenium222.RepeatSelenium222.Edit" name="test1" time="6.622"/>
  <system-out/>
</testsuite> <!-- RepeatSelenium222.RepeatSelenium222.Edit -->
