<?xml version="1.0" encoding="UTF-8"?>
<!-- Generated by org.testng.reporters.JUnitReportReporter -->
<testsuite skipped="0" hostname="LAPTOP-E581B0A3" name="RepeatSelenium222.RepeatSelenium222.Button" tests="5" failures="0" timestamp="2021-10-04T15:04:02 EDT" time="8.534" errors="0">
  <testcase name="test2" time="2.411" classname="RepeatSelenium222.RepeatSelenium222.Button"/>
  <system-out/>
  <testcase name="test5" time="0.033" classname="RepeatSelenium222.RepeatSelenium222.Button"/>
  <system-out/>
  <testcase name="test1" time="6.034" classname="RepeatSelenium222.RepeatSelenium222.Button"/>
  <system-out/>
  <testcase name="test3" time="0.031" classname="RepeatSelenium222.RepeatSelenium222.Button"/>
  <system-out/>
  <testcase name="test4" time="0.025" classname="RepeatSelenium222.RepeatSelenium222.Button"/>
  <system-out/>
</testsuite> <!-- RepeatSelenium222.RepeatSelenium222.Button -->
