<?xml version="1.0" encoding="UTF-8"?>
<!-- Generated by org.testng.reporters.JUnitReportReporter -->
<testsuite hostname="LAPTOP-E581B0A3" failures="0" tests="1" name="RepeatSelenium222.RepeatSelenium222.Draft" time="3.766" errors="0" timestamp="2020-11-24T22:24:55 EST" skipped="0">
  <testcase classname="RepeatSelenium222.RepeatSelenium222.Draft" name="test1" time="3.766"/>
  <system-out/>
</testsuite> <!-- RepeatSelenium222.RepeatSelenium222.Draft -->
