<?xml version="1.0" encoding="UTF-8"?>
<!-- Generated by org.testng.reporters.JUnitReportReporter -->
<testsuite skipped="0" hostname="LAPTOP-E581B0A3" name="RepeatSelenium222.RepeatSelenium222.RadioButton" tests="4" failures="0" timestamp="2021-10-04T15:21:19 EDT" time="9.453" errors="0">
  <testcase name="test2" time="3.077" classname="RepeatSelenium222.RepeatSelenium222.RadioButton"/>
  <system-out/>
  <testcase name="test1" time="6.297" classname="RepeatSelenium222.RepeatSelenium222.RadioButton"/>
  <system-out/>
  <testcase name="test4" time="0.040" classname="RepeatSelenium222.RepeatSelenium222.RadioButton"/>
  <system-out/>
  <testcase name="test3" time="0.039" classname="RepeatSelenium222.RepeatSelenium222.RadioButton"/>
  <system-out/>
</testsuite> <!-- RepeatSelenium222.RepeatSelenium222.RadioButton -->
