<?xml version="1.0" encoding="UTF-8"?>
<!-- Generated by org.testng.reporters.JUnitReportReporter -->
<testsuite skipped="0" hostname="LAPTOP-E581B0A3" name="RepeatSelenium222.RepeatSelenium222.DropDown" tests="7" failures="0" timestamp="2021-10-02T19:00:25 EDT" time="10.657" errors="0">
  <testcase name="test4" time="0.108" classname="RepeatSelenium222.RepeatSelenium222.DropDown"/>
  <system-out/>
  <testcase name="test3" time="0.113" classname="RepeatSelenium222.RepeatSelenium222.DropDown"/>
  <system-out/>
  <testcase name="test7" time="3.063" classname="RepeatSelenium222.RepeatSelenium222.DropDown"/>
  <system-out/>
  <testcase name="test1" time="6.096" classname="RepeatSelenium222.RepeatSelenium222.DropDown"/>
  <system-out/>
  <testcase name="test2" time="1.206" classname="RepeatSelenium222.RepeatSelenium222.DropDown"/>
  <system-out/>
  <testcase name="test6" time="0.049" classname="RepeatSelenium222.RepeatSelenium222.DropDown"/>
  <system-out/>
  <testcase name="test5" time="0.022" classname="RepeatSelenium222.RepeatSelenium222.DropDown"/>
  <system-out/>
</testsuite> <!-- RepeatSelenium222.RepeatSelenium222.DropDown -->
